<?xml version="1.0" encoding="UTF-8"?>
<coverage generated="1698305155922" clover="3.2.0">
  <project timestamp="1698305155922" name="All files">
    <metrics statements="89" coveredstatements="89" conditionals="12" coveredconditionals="12" methods="24" coveredmethods="24" elements="125" coveredelements="125" complexity="0" loc="89" ncloc="89" packages="2" files="2" classes="2"/>
    <package name="src">
      <metrics statements="70" coveredstatements="70" conditionals="12" coveredconditionals="12" methods="24" coveredmethods="24"/>
      <file name="gameoflife.ts" path="C:\Kata\GameOfLifeLegacy\GameOfLifeLegacy\src\gameoflife.ts">
        <metrics statements="70" coveredstatements="70" conditionals="12" coveredconditionals="12" methods="24" coveredmethods="24"/>
        <line num="1" count="5" type="stmt"/>
        <line num="2" count="5" type="stmt"/>
        <line num="3" count="5" type="stmt"/>
        <line num="4" count="5" type="stmt"/>
        <line num="5" count="5" type="stmt"/>
        <line num="10" count="5" type="stmt"/>
        <line num="11" count="259" type="stmt"/>
        <line num="14" count="5" type="stmt"/>
        <line num="15" count="86" type="stmt"/>
        <line num="18" count="5" type="stmt"/>
        <line num="19" count="357" type="cond" truecount="2" falsecount="0"/>
        <line num="22" count="5" type="stmt"/>
        <line num="23" count="285" type="cond" truecount="2" falsecount="0"/>
        <line num="26" count="5" type="stmt"/>
        <line num="27" count="351" type="cond" truecount="2" falsecount="0"/>
        <line num="30" count="5" type="stmt"/>
        <line num="31" count="43" type="stmt"/>
        <line num="37" count="43" type="stmt"/>
        <line num="38" count="344" type="stmt"/>
        <line num="40" count="43" type="stmt"/>
        <line num="41" count="344" type="stmt"/>
        <line num="43" count="43" type="stmt"/>
        <line num="44" count="222" type="stmt"/>
        <line num="46" count="43" type="stmt"/>
        <line num="49" count="5" type="stmt"/>
        <line num="50" count="42" type="stmt"/>
        <line num="53" count="5" type="stmt"/>
        <line num="54" count="19" type="stmt"/>
        <line num="57" count="5" type="stmt"/>
        <line num="58" count="14" type="stmt"/>
        <line num="61" count="5" type="stmt"/>
        <line num="62" count="46" type="cond" truecount="1" falsecount="0"/>
        <line num="63" count="16" type="stmt"/>
        <line num="65" count="30" type="stmt"/>
        <line num="68" count="5" type="stmt"/>
        <line num="69" count="32" type="cond" truecount="2" falsecount="0"/>
        <line num="73" count="16" type="cond" truecount="3" falsecount="0"/>
        <line num="74" count="6" type="stmt"/>
        <line num="76" count="10" type="stmt"/>
        <line num="79" count="5" type="stmt"/>
        <line num="80" count="10" type="stmt"/>
        <line num="81" count="38" type="stmt"/>
        <line num="82" count="38" type="stmt"/>
        <line num="83" count="38" type="stmt"/>
        <line num="87" count="5" type="stmt"/>
        <line num="88" count="1" type="stmt"/>
        <line num="93" count="5" type="stmt"/>
        <line num="99" count="5" type="stmt"/>
        <line num="103" count="4" type="stmt"/>
        <line num="104" count="4" type="stmt"/>
        <line num="107" count="5" type="stmt"/>
        <line num="108" count="2" type="stmt"/>
        <line num="109" count="2" type="stmt"/>
        <line num="110" count="2" type="stmt"/>
        <line num="111" count="2" type="stmt"/>
        <line num="112" count="2" type="stmt"/>
        <line num="113" count="2" type="stmt"/>
        <line num="116" count="5" type="stmt"/>
        <line num="117" count="1" type="stmt"/>
        <line num="118" count="1" type="stmt"/>
        <line num="119" count="1" type="stmt"/>
        <line num="120" count="1" type="stmt"/>
        <line num="123" count="5" type="stmt"/>
        <line num="124" count="1" type="stmt"/>
        <line num="125" count="1" type="stmt"/>
        <line num="126" count="1" type="stmt"/>
        <line num="127" count="1" type="stmt"/>
        <line num="128" count="1" type="stmt"/>
        <line num="129" count="1" type="stmt"/>
        <line num="130" count="1" type="stmt"/>
      </file>
    </package>
    <package name="test.doubles">
      <metrics statements="19" coveredstatements="19" conditionals="0" coveredconditionals="0" methods="0" coveredmethods="0"/>
      <file name="stubs.ts" path="C:\Kata\GameOfLifeLegacy\GameOfLifeLegacy\test\doubles\stubs.ts">
        <metrics statements="19" coveredstatements="19" conditionals="0" coveredconditionals="0" methods="0" coveredmethods="0"/>
        <line num="3" count="2" type="stmt"/>
        <line num="4" count="2" type="stmt"/>
        <line num="5" count="2" type="stmt"/>
        <line num="6" count="2" type="stmt"/>
        <line num="7" count="2" type="stmt"/>
        <line num="8" count="2" type="stmt"/>
        <line num="9" count="2" type="stmt"/>
        <line num="10" count="2" type="stmt"/>
        <line num="12" count="2" type="stmt"/>
        <line num="21" count="2" type="stmt"/>
        <line num="26" count="2" type="stmt"/>
        <line num="35" count="2" type="stmt"/>
        <line num="41" count="2" type="stmt"/>
        <line num="49" count="2" type="stmt"/>
        <line num="72" count="2" type="stmt"/>
        <line num="95" count="2" type="stmt"/>
        <line num="118" count="2" type="stmt"/>
        <line num="119" count="2" type="stmt"/>
        <line num="120" count="2" type="stmt"/>
      </file>
    </package>
  </project>
</coverage>
