{"C:\\Kata\\GameOfLifeLegacy\\GameOfLifeLegacy\\src\\gameoflife.ts": {"path":"C:\\Kata\\GameOfLifeLegacy\\GameOfLifeLegacy\\src\\gameoflife.ts","statementMap":{"0":{"start":{"line":1,"column":35},"end":{"line":1,"column":36}},"1":{"start":{"line":2,"column":38},"end":{"line":2,"column":39}},"2":{"start":{"line":3,"column":35},"end":{"line":3,"column":36}},"3":{"start":{"line":4,"column":13},"end":{"line":4,"column":22}},"4":{"start":{"line":5,"column":13},"end":{"line":5,"column":23}},"5":{"start":{"line":11,"column":4},"end":{"line":11,"column":26}},"6":{"start":{"line":10,"column":0},"end":{"line":10,"column":16}},"7":{"start":{"line":15,"column":4},"end":{"line":15,"column":73}},"8":{"start":{"line":15,"column":46},"end":{"line":15,"column":72}},"9":{"start":{"line":14,"column":0},"end":{"line":14,"column":16}},"10":{"start":{"line":19,"column":4},"end":{"line":19,"column":45}},"11":{"start":{"line":18,"column":0},"end":{"line":18,"column":16}},"12":{"start":{"line":23,"column":4},"end":{"line":23,"column":48}},"13":{"start":{"line":22,"column":0},"end":{"line":22,"column":16}},"14":{"start":{"line":27,"column":4},"end":{"line":27,"column":69}},"15":{"start":{"line":26,"column":0},"end":{"line":26,"column":16}},"16":{"start":{"line":31,"column":41},"end":{"line":35,"column":6}},"17":{"start":{"line":37,"column":33},"end":{"line":38,"column":76}},"18":{"start":{"line":38,"column":24},"end":{"line":38,"column":26}},"19":{"start":{"line":38,"column":35},"end":{"line":38,"column":36}},"20":{"start":{"line":38,"column":41},"end":{"line":38,"column":76}},"21":{"start":{"line":40,"column":38},"end":{"line":41,"column":111}},"22":{"start":{"line":41,"column":30},"end":{"line":41,"column":32}},"23":{"start":{"line":41,"column":44},"end":{"line":41,"column":45}},"24":{"start":{"line":41,"column":50},"end":{"line":41,"column":111}},"25":{"start":{"line":43,"column":35},"end":{"line":44,"column":84}},"26":{"start":{"line":44,"column":27},"end":{"line":44,"column":29}},"27":{"start":{"line":44,"column":41},"end":{"line":44,"column":42}},"28":{"start":{"line":44,"column":47},"end":{"line":44,"column":84}},"29":{"start":{"line":46,"column":4},"end":{"line":46,"column":34}},"30":{"start":{"line":30,"column":0},"end":{"line":30,"column":16}},"31":{"start":{"line":50,"column":4},"end":{"line":50,"column":52}},"32":{"start":{"line":49,"column":0},"end":{"line":49,"column":16}},"33":{"start":{"line":54,"column":4},"end":{"line":54,"column":59}},"34":{"start":{"line":53,"column":0},"end":{"line":53,"column":16}},"35":{"start":{"line":58,"column":4},"end":{"line":58,"column":56}},"36":{"start":{"line":57,"column":0},"end":{"line":57,"column":16}},"37":{"start":{"line":62,"column":4},"end":{"line":64,"column":null}},"38":{"start":{"line":63,"column":8},"end":{"line":63,"column":46}},"39":{"start":{"line":65,"column":4},"end":{"line":65,"column":49}},"40":{"start":{"line":61,"column":0},"end":{"line":61,"column":16}},"41":{"start":{"line":69,"column":4},"end":{"line":69,"column":73}},"42":{"start":{"line":68,"column":0},"end":{"line":68,"column":16}},"43":{"start":{"line":73,"column":4},"end":{"line":75,"column":null}},"44":{"start":{"line":74,"column":8},"end":{"line":74,"column":20}},"45":{"start":{"line":76,"column":4},"end":{"line":76,"column":17}},"46":{"start":{"line":80,"column":4},"end":{"line":84,"column":8}},"47":{"start":{"line":80,"column":50},"end":{"line":84,"column":7}},"48":{"start":{"line":81,"column":27},"end":{"line":81,"column":84}},"49":{"start":{"line":82,"column":40},"end":{"line":82,"column":87}},"50":{"start":{"line":83,"column":8},"end":{"line":83,"column":72}},"51":{"start":{"line":79,"column":0},"end":{"line":79,"column":16}},"52":{"start":{"line":88,"column":4},"end":{"line":88,"column":72}},"53":{"start":{"line":87,"column":0},"end":{"line":87,"column":16}},"54":{"start":{"line":93,"column":25},"end":{"line":97,"column":2}},"55":{"start":{"line":103,"column":26},"end":{"line":103,"column":51}},"56":{"start":{"line":104,"column":4},"end":{"line":104,"column":37}},"57":{"start":{"line":99,"column":0},"end":{"line":99,"column":16}},"58":{"start":{"line":108,"column":4},"end":{"line":108,"column":27}},"59":{"start":{"line":109,"column":4},"end":{"line":109,"column":27}},"60":{"start":{"line":110,"column":4},"end":{"line":110,"column":27}},"61":{"start":{"line":111,"column":4},"end":{"line":111,"column":27}},"62":{"start":{"line":112,"column":4},"end":{"line":112,"column":27}},"63":{"start":{"line":113,"column":4},"end":{"line":113,"column":20}},"64":{"start":{"line":107,"column":0},"end":{"line":107,"column":16}},"65":{"start":{"line":117,"column":4},"end":{"line":117,"column":27}},"66":{"start":{"line":118,"column":4},"end":{"line":118,"column":27}},"67":{"start":{"line":119,"column":4},"end":{"line":119,"column":27}},"68":{"start":{"line":120,"column":4},"end":{"line":120,"column":20}},"69":{"start":{"line":116,"column":0},"end":{"line":116,"column":16}},"70":{"start":{"line":124,"column":4},"end":{"line":124,"column":27}},"71":{"start":{"line":125,"column":4},"end":{"line":125,"column":27}},"72":{"start":{"line":126,"column":4},"end":{"line":126,"column":27}},"73":{"start":{"line":127,"column":4},"end":{"line":127,"column":27}},"74":{"start":{"line":128,"column":4},"end":{"line":128,"column":27}},"75":{"start":{"line":129,"column":4},"end":{"line":129,"column":27}},"76":{"start":{"line":130,"column":4},"end":{"line":130,"column":20}},"77":{"start":{"line":123,"column":0},"end":{"line":123,"column":16}}},"fnMap":{"0":{"name":"isTheCellAlive","decl":{"start":{"line":10,"column":16},"end":{"line":10,"column":30}},"loc":{"start":{"line":10,"column":47},"end":{"line":12,"column":1}}},"1":{"name":"createUniverse","decl":{"start":{"line":14,"column":16},"end":{"line":14,"column":30}},"loc":{"start":{"line":14,"column":60},"end":{"line":16,"column":1}}},"2":{"name":"(anonymous_2)","decl":{"start":{"line":15,"column":40},"end":{"line":15,"column":46}},"loc":{"start":{"line":15,"column":40},"end":{"line":15,"column":51}}},"3":{"name":"isRowValid","decl":{"start":{"line":18,"column":16},"end":{"line":18,"column":26}},"loc":{"start":{"line":18,"column":58},"end":{"line":20,"column":1}}},"4":{"name":"isColumnValid","decl":{"start":{"line":22,"column":16},"end":{"line":22,"column":29}},"loc":{"start":{"line":22,"column":61},"end":{"line":24,"column":1}}},"5":{"name":"isCoordinateInUniverse","decl":{"start":{"line":26,"column":16},"end":{"line":26,"column":38}},"loc":{"start":{"line":26,"column":83},"end":{"line":28,"column":1}}},"6":{"name":"extractNeighbours","decl":{"start":{"line":30,"column":16},"end":{"line":30,"column":33}},"loc":{"start":{"line":30,"column":78},"end":{"line":47,"column":1}}},"7":{"name":"(anonymous_7)","decl":{"start":{"line":38,"column":13},"end":{"line":38,"column":14}},"loc":{"start":{"line":38,"column":36},"end":{"line":38,"column":42}}},"8":{"name":"(anonymous_8)","decl":{"start":{"line":41,"column":16},"end":{"line":41,"column":17}},"loc":{"start":{"line":41,"column":45},"end":{"line":41,"column":72}}},"9":{"name":"(anonymous_9)","decl":{"start":{"line":44,"column":13},"end":{"line":44,"column":14}},"loc":{"start":{"line":44,"column":42},"end":{"line":44,"column":55}}},"10":{"name":"determineTheAmountOfAliveNeighbours","decl":{"start":{"line":49,"column":16},"end":{"line":49,"column":51}},"loc":{"start":{"line":49,"column":76},"end":{"line":51,"column":1}}},"11":{"name":"determineIfThereIsUnderpopulation","decl":{"start":{"line":53,"column":16},"end":{"line":53,"column":49}},"loc":{"start":{"line":53,"column":73},"end":{"line":55,"column":1}}},"12":{"name":"determineIfThereIsOvercrowding","decl":{"start":{"line":57,"column":16},"end":{"line":57,"column":46}},"loc":{"start":{"line":57,"column":70},"end":{"line":59,"column":1}}},"13":{"name":"determineNextStatusOfCell","decl":{"start":{"line":61,"column":16},"end":{"line":61,"column":41}},"loc":{"start":{"line":61,"column":89},"end":{"line":66,"column":1}}},"14":{"name":"deadCellCanReproduce","decl":{"start":{"line":68,"column":16},"end":{"line":68,"column":36}},"loc":{"start":{"line":68,"column":60},"end":{"line":70,"column":1}}},"15":{"name":"shouldCellDie","decl":{"start":{"line":72,"column":9},"end":{"line":72,"column":22}},"loc":{"start":{"line":72,"column":46},"end":{"line":77,"column":1}}},"16":{"name":"generateNextTick","decl":{"start":{"line":79,"column":16},"end":{"line":79,"column":32}},"loc":{"start":{"line":79,"column":58},"end":{"line":85,"column":1}}},"17":{"name":"(anonymous_17)","decl":{"start":{"line":80,"column":31},"end":{"line":80,"column":32}},"loc":{"start":{"line":80,"column":45},"end":{"line":80,"column":53}}},"18":{"name":"(anonymous_18)","decl":{"start":{"line":80,"column":58},"end":{"line":80,"column":59}},"loc":{"start":{"line":80,"column":76},"end":{"line":84,"column":5}}},"19":{"name":"startNewGame","decl":{"start":{"line":87,"column":16},"end":{"line":87,"column":28}},"loc":{"start":{"line":87,"column":80},"end":{"line":89,"column":1}}},"20":{"name":"addPatternToUniverse","decl":{"start":{"line":99,"column":16},"end":{"line":99,"column":36}},"loc":{"start":{"line":101,"column":22},"end":{"line":105,"column":1}}},"21":{"name":"addGliderToUniverse","decl":{"start":{"line":107,"column":16},"end":{"line":107,"column":35}},"loc":{"start":{"line":107,"column":54},"end":{"line":114,"column":1}}},"22":{"name":"addBlinkerToUniverse","decl":{"start":{"line":116,"column":16},"end":{"line":116,"column":36}},"loc":{"start":{"line":116,"column":55},"end":{"line":121,"column":1}}},"23":{"name":"addBeehiveToUniverse","decl":{"start":{"line":123,"column":16},"end":{"line":123,"column":36}},"loc":{"start":{"line":123,"column":55},"end":{"line":131,"column":1}}}},"branchMap":{"0":{"loc":{"start":{"line":19,"column":11},"end":{"line":19,"column":44}},"type":"binary-expr","locations":[{"start":{"line":19,"column":11},"end":{"line":19,"column":19}},{"start":{"line":19,"column":23},"end":{"line":19,"column":44}}]},"1":{"loc":{"start":{"line":23,"column":11},"end":{"line":23,"column":47}},"type":"binary-expr","locations":[{"start":{"line":23,"column":11},"end":{"line":23,"column":19}},{"start":{"line":23,"column":23},"end":{"line":23,"column":47}}]},"2":{"loc":{"start":{"line":27,"column":11},"end":{"line":27,"column":68}},"type":"binary-expr","locations":[{"start":{"line":27,"column":11},"end":{"line":27,"column":36}},{"start":{"line":27,"column":40},"end":{"line":27,"column":68}}]},"3":{"loc":{"start":{"line":62,"column":4},"end":{"line":64,"column":null}},"type":"if","locations":[{"start":{"line":62,"column":4},"end":{"line":64,"column":null}}]},"4":{"loc":{"start":{"line":69,"column":11},"end":{"line":69,"column":72}},"type":"cond-expr","locations":[{"start":{"line":69,"column":60},"end":{"line":69,"column":65}},{"start":{"line":69,"column":68},"end":{"line":69,"column":72}}]},"5":{"loc":{"start":{"line":73,"column":4},"end":{"line":75,"column":null}},"type":"if","locations":[{"start":{"line":73,"column":4},"end":{"line":75,"column":null}}]},"6":{"loc":{"start":{"line":73,"column":8},"end":{"line":73,"column":109}},"type":"binary-expr","locations":[{"start":{"line":73,"column":8},"end":{"line":73,"column":58}},{"start":{"line":73,"column":62},"end":{"line":73,"column":109}}]}},"s":{"0":5,"1":5,"2":5,"3":5,"4":5,"5":259,"6":5,"7":6,"8":86,"9":5,"10":357,"11":5,"12":285,"13":5,"14":351,"15":5,"16":43,"17":43,"18":344,"19":344,"20":344,"21":43,"22":344,"23":344,"24":344,"25":43,"26":222,"27":222,"28":222,"29":43,"30":5,"31":42,"32":5,"33":19,"34":5,"35":14,"36":5,"37":46,"38":16,"39":30,"40":5,"41":32,"42":5,"43":16,"44":6,"45":10,"46":3,"47":10,"48":38,"49":38,"50":38,"51":5,"52":1,"53":5,"54":5,"55":4,"56":4,"57":5,"58":2,"59":2,"60":2,"61":2,"62":2,"63":2,"64":5,"65":1,"66":1,"67":1,"68":1,"69":5,"70":1,"71":1,"72":1,"73":1,"74":1,"75":1,"76":1,"77":5},"f":{"0":259,"1":6,"2":86,"3":357,"4":285,"5":351,"6":43,"7":344,"8":344,"9":222,"10":42,"11":19,"12":14,"13":46,"14":32,"15":16,"16":3,"17":10,"18":38,"19":1,"20":4,"21":2,"22":1,"23":1},"b":{"0":[357,319],"1":[285,257],"2":[351,280],"3":[16],"4":[6,26],"5":[6],"6":[16,12]}}
,"C:\\Kata\\GameOfLifeLegacy\\GameOfLifeLegacy\\test\\doubles\\stubs.ts": {"path":"C:\\Kata\\GameOfLifeLegacy\\GameOfLifeLegacy\\test\\doubles\\stubs.ts","statementMap":{"0":{"start":{"line":3,"column":13},"end":{"line":3,"column":32}},"1":{"start":{"line":4,"column":13},"end":{"line":4,"column":30}},"2":{"start":{"line":5,"column":13},"end":{"line":5,"column":31}},"3":{"start":{"line":6,"column":13},"end":{"line":6,"column":33}},"4":{"start":{"line":7,"column":13},"end":{"line":7,"column":41}},"5":{"start":{"line":8,"column":13},"end":{"line":8,"column":36}},"6":{"start":{"line":9,"column":13},"end":{"line":9,"column":39}},"7":{"start":{"line":10,"column":13},"end":{"line":10,"column":40}},"8":{"start":{"line":12,"column":13},"end":{"line":12,"column":32}},"9":{"start":{"line":21,"column":13},"end":{"line":24,"column":null}},"10":{"start":{"line":26,"column":13},"end":{"line":34,"column":2}},"11":{"start":{"line":35,"column":13},"end":{"line":39,"column":2}},"12":{"start":{"line":41,"column":13},"end":{"line":47,"column":2}},"13":{"start":{"line":49,"column":13},"end":{"line":70,"column":2}},"14":{"start":{"line":72,"column":13},"end":{"line":93,"column":2}},"15":{"start":{"line":95,"column":13},"end":{"line":116,"column":2}},"16":{"start":{"line":118,"column":13},"end":{"line":118,"column":58}},"17":{"start":{"line":119,"column":13},"end":{"line":119,"column":64}},"18":{"start":{"line":120,"column":13},"end":{"line":120,"column":60}}},"fnMap":{},"branchMap":{},"s":{"0":2,"1":2,"2":2,"3":2,"4":2,"5":2,"6":2,"7":2,"8":2,"9":2,"10":2,"11":2,"12":2,"13":2,"14":2,"15":2,"16":2,"17":2,"18":2},"f":{},"b":{}}
}
