TN:
SF:src\gameoflife.ts
FN:10,isTheCellAlive
FN:14,createUniverse
FN:15,(anonymous_2)
FN:18,isRowValid
FN:22,isColumnValid
FN:26,isCoordinateInUniverse
FN:30,extractNeighbours
FN:38,(anonymous_7)
FN:41,(anonymous_8)
FN:44,(anonymous_9)
FN:49,determineTheAmountOfAliveNeighbours
FN:53,determineIfThereIsUnderpopulation
FN:57,determineIfThereIsOvercrowding
FN:61,determineNextStatusOfCell
FN:68,deadCellCanReproduce
FN:72,shouldCellDie
FN:79,generateNextTick
FN:80,(anonymous_17)
FN:80,(anonymous_18)
FN:87,startNewGame
FN:91,addPatternToUniverse
FNF:21
FNH:15
FNDA:17,isTheCellAlive
FNDA:3,createUniverse
FNDA:26,(anonymous_2)
FNDA:53,isRowValid
FNDA:41,isColumnValid
FNDA:47,isCoordinateInUniverse
FNDA:5,extractNeighbours
FNDA:40,(anonymous_7)
FNDA:40,(anonymous_8)
FNDA:26,(anonymous_9)
FNDA:4,determineTheAmountOfAliveNeighbours
FNDA:3,determineIfThereIsUnderpopulation
FNDA:2,determineIfThereIsOvercrowding
FNDA:0,determineNextStatusOfCell
FNDA:2,deadCellCanReproduce
FNDA:0,shouldCellDie
FNDA:0,generateNextTick
FNDA:0,(anonymous_17)
FNDA:0,(anonymous_18)
FNDA:0,startNewGame
FNDA:1,addPatternToUniverse
DA:1,1
DA:2,1
DA:3,1
DA:4,1
DA:5,1
DA:10,1
DA:11,17
DA:14,1
DA:15,26
DA:18,1
DA:19,53
DA:22,1
DA:23,41
DA:26,1
DA:27,47
DA:30,1
DA:31,5
DA:37,5
DA:38,40
DA:40,5
DA:41,40
DA:43,5
DA:44,26
DA:46,5
DA:49,1
DA:50,4
DA:53,1
DA:54,3
DA:57,1
DA:58,2
DA:61,1
DA:62,0
DA:63,0
DA:65,0
DA:68,1
DA:69,2
DA:73,0
DA:74,0
DA:76,0
DA:79,1
DA:80,0
DA:81,0
DA:82,0
DA:83,0
DA:87,1
DA:88,0
DA:91,1
DA:92,1
DA:93,1
DA:94,1
DA:95,1
DA:96,1
DA:97,1
LF:53
LH:42
BRDA:19,0,0,53
BRDA:19,0,1,45
BRDA:23,1,0,41
BRDA:23,1,1,37
BRDA:27,2,0,47
BRDA:27,2,1,36
BRDA:62,3,0,0
BRDA:69,4,0,1
BRDA:69,4,1,1
BRDA:73,5,0,0
BRDA:73,6,0,0
BRDA:73,6,1,0
BRF:12
BRH:8
end_of_record
TN:
SF:test\doubles\stubs.ts
FNF:0
FNH:0
DA:3,1
DA:4,1
DA:5,1
DA:6,1
DA:7,1
DA:8,1
DA:9,1
DA:10,1
DA:12,1
DA:21,1
DA:26,1
DA:35,1
DA:41,1
DA:49,1
DA:72,1
DA:73,1
DA:74,1
LF:17
LH:17
BRF:0
BRH:0
end_of_record
